<?xml version="1.0" encoding="UTF-8"?>
<!-- Generated by org.testng.reporters.JUnitReportReporter -->
<testsuite skipped="0" hostname="IdeaPad-Saurabh" name="Academy.homePage" tests="2" failures="0" timestamp="2020-07-30T16:54:02 BST" time="7.267" errors="0">
  <testcase name="basepageNavigation" time="4.444" classname="Academy.homePage"/>
  <system-out/>
  <testcase name="basepageNavigation" time="2.823" classname="Academy.homePage"/>
  <system-out/>
</testsuite> <!-- Academy.homePage -->
