<?xml version="1.0" encoding="UTF-8"?>
<!-- Generated by org.testng.reporters.JUnitReportReporter -->
<testsuite skipped="0" hostname="IdeaPad-Saurabh" name="Academy.HomePageFailTest" tests="2" failures="0" timestamp="2020-07-31T15:24:55 BST" time="14.266" errors="0">
  <testcase name="basepageNavigation" time="7.166" classname="Academy.HomePageFailTest"/>
  <system-out/>
  <testcase name="basepageNavigation" time="7.100" classname="Academy.HomePageFailTest"/>
  <system-out/>
</testsuite> <!-- Academy.HomePageFailTest -->
