<?xml version="1.0" encoding="UTF-8"?>
<!-- Generated by org.testng.reporters.JUnitReportReporter -->
<testsuite skipped="0" hostname="IdeaPad-Saurabh" name="Academy.HomePagePassTest" tests="2" failures="0" timestamp="2020-07-31T15:24:55 BST" time="15.772" errors="0">
  <testcase name="basepageNavigation" time="5.441" classname="Academy.HomePagePassTest"/>
  <system-out/>
  <testcase name="basepageNavigation" time="10.331" classname="Academy.HomePagePassTest"/>
  <system-out/>
</testsuite> <!-- Academy.HomePagePassTest -->
